<?xml version="1.0" encoding="UTF-8"?>
<!-- Generated by org.testng.reporters.JUnitReportReporter -->
<testsuite hostname="DESKTOP-5U4E5L3" failures="0" tests="1" name="rahulshettyacademy.ExtentReports.ExtentReportDemo" time="19.672" errors="0" timestamp="23 Mar 2024 19:09:24 GMT" skipped="0">
  <testcase classname="rahulshettyacademy.ExtentReports.ExtentReportDemo" name="initialDemo" time="19.672"/>
</testsuite> <!-- rahulshettyacademy.ExtentReports.ExtentReportDemo -->
